<?xml version="1.0" encoding="UTF-8"?>
<robot generator="Robot 7.4.1 (Python 3.13.0 on darwin)" generated="2026-03-01T16:34:38.192302" rpa="false" schemaversion="5">
<suite id="s1" name="loginTestcases" source="/Users/artitayayaemjaraen/QA/Automate-test/testcases/loginTestcases.robot">
<kw name="Open Browser" owner="SeleniumLibrary" type="SETUP">
<msg time="2026-03-01T16:34:38.328045" level="INFO">Opening browser 'chrome' to base url 'https://app.futureskill.co/login'.</msg>
<arg>${baseUrl}</arg>
<arg>chrome</arg>
<doc>Opens a new browser instance to the optional ``url``.</doc>
<status status="PASS" start="2026-03-01T16:34:38.327844" elapsed="1.762719"/>
</kw>
<test id="s1-t1" name="AS a user, I want to login success with valid credential" line="13">
<kw name="When user login to futeure skill platform with ${email} and ${valid_password}" owner="loginPageKeywords" source_name="user login to futeure skill platform with ${username} and ${passwprd}">
<kw name="Wait until element is ready then click element" owner="commonKeywords">
<kw name="Wait Until Keyword Succeeds" owner="BuiltIn">
<kw name="Click Element" owner="SeleniumLibrary">
<msg time="2026-03-01T16:34:40.096380" level="INFO">Clicking element 'xpath=//button[text()="เข้าสู่ระบบ"]'.</msg>
<arg>${locator}</arg>
<doc>Click the element identified by ``locator``.</doc>
<status status="PASS" start="2026-03-01T16:34:40.095374" elapsed="1.281345"/>
</kw>
<arg>5x</arg>
<arg>2s</arg>
<arg>Click Element</arg>
<arg>${locator}</arg>
<doc>Runs the specified keyword and retries if it fails.</doc>
<status status="PASS" start="2026-03-01T16:34:40.093864" elapsed="1.283000"/>
</kw>
<arg>xpath=//button[text()="เข้าสู่ระบบ"]</arg>
<status status="PASS" start="2026-03-01T16:34:40.093585" elapsed="1.283377"/>
</kw>
<kw name="Wait until element is ready then input text" owner="commonKeywords">
<kw name="Wait Until Keyword Succeeds" owner="BuiltIn">
<kw name="Input Text" owner="SeleniumLibrary">
<msg time="2026-03-01T16:34:41.379162" level="INFO">Typing text 'Ab.stopbus+1@gmail.com' into text field 'name=email'.</msg>
<arg>${locator}</arg>
<arg>${text}</arg>
<doc>Types the given ``text`` into the text field identified by ``locator``.</doc>
<status status="PASS" start="2026-03-01T16:34:41.378872" elapsed="0.158298"/>
</kw>
<arg>5x</arg>
<arg>2s</arg>
<arg>Input Text</arg>
<arg>${locator}</arg>
<arg>${text}</arg>
<doc>Runs the specified keyword and retries if it fails.</doc>
<status status="PASS" start="2026-03-01T16:34:41.377605" elapsed="0.159653"/>
</kw>
<arg>name=email</arg>
<arg>${username}</arg>
<status status="PASS" start="2026-03-01T16:34:41.377143" elapsed="0.160181"/>
</kw>
<kw name="Wait until element is ready then input text" owner="commonKeywords">
<kw name="Wait Until Keyword Succeeds" owner="BuiltIn">
<kw name="Input Text" owner="SeleniumLibrary">
<msg time="2026-03-01T16:34:41.538264" level="INFO">Typing text 'Password123!' into text field 'name=password'.</msg>
<arg>${locator}</arg>
<arg>${text}</arg>
<doc>Types the given ``text`` into the text field identified by ``locator``.</doc>
<status status="PASS" start="2026-03-01T16:34:41.538098" elapsed="0.059294"/>
</kw>
<arg>5x</arg>
<arg>2s</arg>
<arg>Input Text</arg>
<arg>${locator}</arg>
<arg>${text}</arg>
<doc>Runs the specified keyword and retries if it fails.</doc>
<status status="PASS" start="2026-03-01T16:34:41.537760" elapsed="0.059725"/>
</kw>
<arg>name=password</arg>
<arg>${passwprd}</arg>
<status status="PASS" start="2026-03-01T16:34:41.537478" elapsed="0.060072"/>
</kw>
<kw name="Wait until element is ready then click element" owner="commonKeywords">
<kw name="Wait Until Keyword Succeeds" owner="BuiltIn">
<kw name="Click Element" owner="SeleniumLibrary">
<msg time="2026-03-01T16:34:41.598460" level="INFO">Clicking element 'xpath=//button[@type="submit" and text()="เข้าสู่ระบบ"]'.</msg>
<arg>${locator}</arg>
<doc>Click the element identified by ``locator``.</doc>
<status status="PASS" start="2026-03-01T16:34:41.598319" elapsed="0.045030"/>
</kw>
<arg>5x</arg>
<arg>2s</arg>
<arg>Click Element</arg>
<arg>${locator}</arg>
<doc>Runs the specified keyword and retries if it fails.</doc>
<status status="PASS" start="2026-03-01T16:34:41.598003" elapsed="0.045431"/>
</kw>
<arg>xpath=//button[@type="submit" and text()="เข้าสู่ระบบ"]</arg>
<status status="PASS" start="2026-03-01T16:34:41.597714" elapsed="0.045779"/>
</kw>
<status status="PASS" start="2026-03-01T16:34:40.093135" elapsed="1.550400"/>
</kw>
<kw name="Then future akill should display display validate login fail message as &quot;อยากเก่งขึ้นจนป้าข้างบ้านสงสัย กดติดตาม FutureSkill ไว้เลย!&quot;" owner="loginPageKeywords" source_name="future akill should display display validate login fail message as ${expected_message}">
<kw name="Wait until page contains element then verify text" owner="commonKeywords">
<kw name="Wait Until Keyword Succeeds" owner="BuiltIn">
<kw name="Page Should Contain" owner="SeleniumLibrary">
<msg time="2026-03-01T16:34:41.655939" level="INFO">Current page contains text '"อยากเก่งขึ้นจนป้าข้างบ้านสงสัย กดติดตาม FutureSkill ไว้เลย!"'.</msg>
<arg>${expected_text}</arg>
<doc>Verifies that current page contains ``text``.</doc>
<status status="PASS" start="2026-03-01T16:34:41.644573" elapsed="0.011455"/>
</kw>
<arg>5x</arg>
<arg>2s</arg>
<arg>Page Should Contain</arg>
<arg>${expected_text}</arg>
<doc>Runs the specified keyword and retries if it fails.</doc>
<status status="PASS" start="2026-03-01T16:34:41.644250" elapsed="0.011848"/>
</kw>
<arg>${expected_message}</arg>
<status status="PASS" start="2026-03-01T16:34:41.644037" elapsed="0.012129"/>
</kw>
<status status="PASS" start="2026-03-01T16:34:41.643783" elapsed="0.012421"/>
</kw>
<status status="PASS" start="2026-03-01T16:34:40.091906" elapsed="1.564455"/>
</test>
<test id="s1-t2" name="As a user, I fail to login with invalid credential" line="19">
<kw name="When user login to futeure skill platform with ${email} and ${invalid_password}" owner="loginPageKeywords" source_name="user login to futeure skill platform with ${username} and ${passwprd}">
<kw name="Wait until element is ready then click element" owner="commonKeywords">
<kw name="Wait Until Keyword Succeeds" owner="BuiltIn">
<kw name="Click Element" owner="SeleniumLibrary">
<msg time="2026-03-01T16:34:41.658044" level="INFO">Clicking element 'xpath=//button[text()="เข้าสู่ระบบ"]'.</msg>
<arg>${locator}</arg>
<doc>Click the element identified by ``locator``.</doc>
<status status="PASS" start="2026-03-01T16:34:41.657896" elapsed="0.034449"/>
</kw>
<arg>5x</arg>
<arg>2s</arg>
<arg>Click Element</arg>
<arg>${locator}</arg>
<doc>Runs the specified keyword and retries if it fails.</doc>
<status status="PASS" start="2026-03-01T16:34:41.657578" elapsed="0.034854"/>
</kw>
<arg>xpath=//button[text()="เข้าสู่ระบบ"]</arg>
<status status="PASS" start="2026-03-01T16:34:41.657381" elapsed="0.035108"/>
</kw>
<kw name="Wait until element is ready then input text" owner="commonKeywords">
<kw name="Wait Until Keyword Succeeds" owner="BuiltIn">
<kw name="Input Text" owner="SeleniumLibrary">
<msg time="2026-03-01T16:34:41.693387" level="INFO">Typing text 'Ab.stopbus+1@gmail.com' into text field 'name=email'.</msg>
<arg>${locator}</arg>
<arg>${text}</arg>
<doc>Types the given ``text`` into the text field identified by ``locator``.</doc>
<status status="PASS" start="2026-03-01T16:34:41.693232" elapsed="0.057645"/>
</kw>
<arg>5x</arg>
<arg>2s</arg>
<arg>Input Text</arg>
<arg>${locator}</arg>
<arg>${text}</arg>
<doc>Runs the specified keyword and retries if it fails.</doc>
<status status="PASS" start="2026-03-01T16:34:41.692914" elapsed="0.058063"/>
</kw>
<arg>name=email</arg>
<arg>${username}</arg>
<status status="PASS" start="2026-03-01T16:34:41.692635" elapsed="0.058403"/>
</kw>
<kw name="Wait until element is ready then input text" owner="commonKeywords">
<kw name="Wait Until Keyword Succeeds" owner="BuiltIn">
<kw name="Input Text" owner="SeleniumLibrary">
<msg time="2026-03-01T16:34:41.752088" level="INFO">Typing text 'Password456!' into text field 'name=password'.</msg>
<arg>${locator}</arg>
<arg>${text}</arg>
<doc>Types the given ``text`` into the text field identified by ``locator``.</doc>
<status status="PASS" start="2026-03-01T16:34:41.751930" elapsed="0.056304"/>
</kw>
<arg>5x</arg>
<arg>2s</arg>
<arg>Input Text</arg>
<arg>${locator}</arg>
<arg>${text}</arg>
<doc>Runs the specified keyword and retries if it fails.</doc>
<status status="PASS" start="2026-03-01T16:34:41.751457" elapsed="0.056863"/>
</kw>
<arg>name=password</arg>
<arg>${passwprd}</arg>
<status status="PASS" start="2026-03-01T16:34:41.751190" elapsed="0.057190"/>
</kw>
<kw name="Wait until element is ready then click element" owner="commonKeywords">
<kw name="Wait Until Keyword Succeeds" owner="BuiltIn">
<kw name="Click Element" owner="SeleniumLibrary">
<msg time="2026-03-01T16:34:41.809235" level="INFO">Clicking element 'xpath=//button[@type="submit" and text()="เข้าสู่ระบบ"]'.</msg>
<arg>${locator}</arg>
<doc>Click the element identified by ``locator``.</doc>
<status status="PASS" start="2026-03-01T16:34:41.809095" elapsed="0.033907"/>
</kw>
<arg>5x</arg>
<arg>2s</arg>
<arg>Click Element</arg>
<arg>${locator}</arg>
<doc>Runs the specified keyword and retries if it fails.</doc>
<status status="PASS" start="2026-03-01T16:34:41.808769" elapsed="0.034316"/>
</kw>
<arg>xpath=//button[@type="submit" and text()="เข้าสู่ระบบ"]</arg>
<status status="PASS" start="2026-03-01T16:34:41.808529" elapsed="0.034616"/>
</kw>
<status status="PASS" start="2026-03-01T16:34:41.657115" elapsed="0.186072"/>
</kw>
<kw name="Then future akill should display display validate login fail message as &quot;กรอกรหัสผ่านไม่ถูกต้อง&quot;" owner="loginPageKeywords" source_name="future akill should display display validate login fail message as ${expected_message}">
<kw name="Wait until page contains element then verify text" owner="commonKeywords">
<kw name="Wait Until Keyword Succeeds" owner="BuiltIn">
<kw name="Page Should Contain" owner="SeleniumLibrary">
<msg time="2026-03-01T16:34:42.222942" level="INFO" html="true">&lt;/td&gt;&lt;/tr&gt;&lt;tr&gt;&lt;td colspan="3"&gt;&lt;a href="selenium-screenshot-1.png"&gt;&lt;img src="selenium-screenshot-1.png" width="800px"&gt;&lt;/a&gt;</msg>
<msg time="2026-03-01T16:34:42.223133" level="FAIL">Page should have contained text '"กรอกรหัสผ่านไม่ถูกต้อง"' but did not.</msg>
<arg>${expected_text}</arg>
<doc>Verifies that current page contains ``text``.</doc>
<status status="FAIL" start="2026-03-01T16:34:41.844155" elapsed="0.381638">Page should have contained text '"กรอกรหัสผ่านไม่ถูกต้อง"' but did not.</status>
</kw>
<kw name="Page Should Contain" owner="SeleniumLibrary">
<msg time="2026-03-01T16:34:44.625262" level="INFO" html="true">&lt;/td&gt;&lt;/tr&gt;&lt;tr&gt;&lt;td colspan="3"&gt;&lt;a href="selenium-screenshot-2.png"&gt;&lt;img src="selenium-screenshot-2.png" width="800px"&gt;&lt;/a&gt;</msg>
<msg time="2026-03-01T16:34:44.625744" level="FAIL">Page should have contained text '"กรอกรหัสผ่านไม่ถูกต้อง"' but did not.</msg>
<arg>${expected_text}</arg>
<doc>Verifies that current page contains ``text``.</doc>
<status status="FAIL" start="2026-03-01T16:34:44.234598" elapsed="0.392533">Page should have contained text '"กรอกรหัสผ่านไม่ถูกต้อง"' but did not.</status>
</kw>
<kw name="Page Should Contain" owner="SeleniumLibrary">
<msg time="2026-03-01T16:34:46.993488" level="INFO" html="true">&lt;/td&gt;&lt;/tr&gt;&lt;tr&gt;&lt;td colspan="3"&gt;&lt;a href="selenium-screenshot-3.png"&gt;&lt;img src="selenium-screenshot-3.png" width="800px"&gt;&lt;/a&gt;</msg>
<msg time="2026-03-01T16:34:46.993852" level="FAIL">Page should have contained text '"กรอกรหัสผ่านไม่ถูกต้อง"' but did not.</msg>
<arg>${expected_text}</arg>
<doc>Verifies that current page contains ``text``.</doc>
<status status="FAIL" start="2026-03-01T16:34:46.628333" elapsed="0.366193">Page should have contained text '"กรอกรหัสผ่านไม่ถูกต้อง"' but did not.</status>
</kw>
<kw name="Page Should Contain" owner="SeleniumLibrary">
<msg time="2026-03-01T16:34:49.323177" level="INFO" html="true">&lt;/td&gt;&lt;/tr&gt;&lt;tr&gt;&lt;td colspan="3"&gt;&lt;a href="selenium-screenshot-4.png"&gt;&lt;img src="selenium-screenshot-4.png" width="800px"&gt;&lt;/a&gt;</msg>
<msg time="2026-03-01T16:34:49.323300" level="FAIL">Page should have contained text '"กรอกรหัสผ่านไม่ถูกต้อง"' but did not.</msg>
<arg>${expected_text}</arg>
<doc>Verifies that current page contains ``text``.</doc>
<status status="FAIL" start="2026-03-01T16:34:48.997229" elapsed="0.326552">Page should have contained text '"กรอกรหัสผ่านไม่ถูกต้อง"' but did not.</status>
</kw>
<kw name="Page Should Contain" owner="SeleniumLibrary">
<msg time="2026-03-01T16:34:51.640465" level="INFO" html="true">&lt;/td&gt;&lt;/tr&gt;&lt;tr&gt;&lt;td colspan="3"&gt;&lt;a href="selenium-screenshot-5.png"&gt;&lt;img src="selenium-screenshot-5.png" width="800px"&gt;&lt;/a&gt;</msg>
<msg time="2026-03-01T16:34:51.640599" level="FAIL">Page should have contained text '"กรอกรหัสผ่านไม่ถูกต้อง"' but did not.</msg>
<arg>${expected_text}</arg>
<doc>Verifies that current page contains ``text``.</doc>
<status status="FAIL" start="2026-03-01T16:34:51.326344" elapsed="0.314750">Page should have contained text '"กรอกรหัสผ่านไม่ถูกต้อง"' but did not.</status>
</kw>
<msg time="2026-03-01T16:34:51.641218" level="FAIL">Keyword 'Page Should Contain' failed after retrying 5 times. The last error was: Page should have contained text '"กรอกรหัสผ่านไม่ถูกต้อง"' but did not.</msg>
<arg>5x</arg>
<arg>2s</arg>
<arg>Page Should Contain</arg>
<arg>${expected_text}</arg>
<doc>Runs the specified keyword and retries if it fails.</doc>
<status status="FAIL" start="2026-03-01T16:34:41.843856" elapsed="9.797752">Keyword 'Page Should Contain' failed after retrying 5 times. The last error was: Page should have contained text '"กรอกรหัสผ่านไม่ถูกต้อง"' but did not.</status>
</kw>
<arg>${expected_message}</arg>
<status status="FAIL" start="2026-03-01T16:34:41.843656" elapsed="9.798172">Keyword 'Page Should Contain' failed after retrying 5 times. The last error was: Page should have contained text '"กรอกรหัสผ่านไม่ถูกต้อง"' but did not.</status>
</kw>
<status status="FAIL" start="2026-03-01T16:34:41.843409" elapsed="9.798493">Keyword 'Page Should Contain' failed after retrying 5 times. The last error was: Page should have contained text '"กรอกรหัสผ่านไม่ถูกต้อง"' but did not.</status>
</kw>
<status status="FAIL" start="2026-03-01T16:34:41.656679" elapsed="9.985527">Keyword 'Page Should Contain' failed after retrying 5 times. The last error was: Page should have contained text '"กรอกรหัสผ่านไม่ถูกต้อง"' but did not.</status>
</test>
<kw name="Close Browser" owner="SeleniumLibrary" type="TEARDOWN">
<doc>Closes the current browser.</doc>
<status status="PASS" start="2026-03-01T16:34:51.643132" elapsed="0.125411"/>
</kw>
<status status="FAIL" start="2026-03-01T16:34:38.193227" elapsed="13.575401"/>
</suite>
<statistics>
<total>
<stat pass="1" fail="1" skip="0">All Tests</stat>
</total>
<tag>
</tag>
<suite>
<stat name="loginTestcases" id="s1" pass="1" fail="1" skip="0">loginTestcases</stat>
</suite>
</statistics>
<errors>
</errors>
</robot>
