<?xml version="1.0" encoding="UTF-8"?>
<robot generator="Robot 7.4.1 (Python 3.13.0 on darwin)" generated="2026-03-01T16:38:37.353243" rpa="false" schemaversion="5">
<suite id="s1" name="Automate-test" source="/Users/artitayayaemjaraen/QA/Automate-test">
<suite id="s1-s1" name="Testcases" source="/Users/artitayayaemjaraen/QA/Automate-test/testcases">
<suite id="s1-s1-s1" name="loginTestcases" source="/Users/artitayayaemjaraen/QA/Automate-test/testcases/loginTestcases.robot">
<kw name="Open Browser" owner="SeleniumLibrary" type="SETUP">
<msg time="2026-03-01T16:38:37.518616" level="INFO">Opening browser 'chrome' to base url 'https://app.futureskill.co/login'.</msg>
<arg>${baseUrl}</arg>
<arg>chrome</arg>
<doc>Opens a new browser instance to the optional ``url``.</doc>
<status status="PASS" start="2026-03-01T16:38:37.518290" elapsed="3.107878"/>
</kw>
<test id="s1-s1-s1-t1" name="As a user, I fail to login with invalid credential" line="19">
<kw name="When user login to futeure skill platform with ${email} and ${invalid_password}" owner="loginPageKeywords" source_name="user login to futeure skill platform with ${username} and ${passwprd}">
<kw name="Wait until element is ready then click element" owner="commonKeywords">
<kw name="Wait Until Keyword Succeeds" owner="BuiltIn">
<kw name="Click Element" owner="SeleniumLibrary">
<msg time="2026-03-01T16:38:40.637481" level="INFO">Clicking element 'xpath=//button[text()="เข้าสู่ระบบ"]'.</msg>
<arg>${locator}</arg>
<doc>Click the element identified by ``locator``.</doc>
<status status="PASS" start="2026-03-01T16:38:40.637178" elapsed="0.073625"/>
</kw>
<arg>5x</arg>
<arg>2s</arg>
<arg>Click Element</arg>
<arg>${locator}</arg>
<doc>Runs the specified keyword and retries if it fails.</doc>
<status status="PASS" start="2026-03-01T16:38:40.636630" elapsed="0.074349"/>
</kw>
<arg>xpath=//button[text()="เข้าสู่ระบบ"]</arg>
<status status="PASS" start="2026-03-01T16:38:40.636322" elapsed="0.074776"/>
</kw>
<kw name="Wait until element is ready then input text" owner="commonKeywords">
<kw name="Wait Until Keyword Succeeds" owner="BuiltIn">
<kw name="Input Text" owner="SeleniumLibrary">
<msg time="2026-03-01T16:38:40.712376" level="INFO">Typing text 'Ab.stopbus+1@gmail.com' into text field 'name=email'.</msg>
<arg>${locator}</arg>
<arg>${text}</arg>
<doc>Types the given ``text`` into the text field identified by ``locator``.</doc>
<status status="PASS" start="2026-03-01T16:38:40.712080" elapsed="0.166835"/>
</kw>
<arg>5x</arg>
<arg>2s</arg>
<arg>Input Text</arg>
<arg>${locator}</arg>
<arg>${text}</arg>
<doc>Runs the specified keyword and retries if it fails.</doc>
<status status="PASS" start="2026-03-01T16:38:40.711634" elapsed="0.167430"/>
</kw>
<arg>name=email</arg>
<arg>${username}</arg>
<status status="PASS" start="2026-03-01T16:38:40.711274" elapsed="0.167903"/>
</kw>
<kw name="Wait until element is ready then input text" owner="commonKeywords">
<kw name="Wait Until Keyword Succeeds" owner="BuiltIn">
<kw name="Input Text" owner="SeleniumLibrary">
<msg time="2026-03-01T16:38:40.880352" level="INFO">Typing text 'Password456!' into text field 'name=password'.</msg>
<arg>${locator}</arg>
<arg>${text}</arg>
<doc>Types the given ``text`` into the text field identified by ``locator``.</doc>
<status status="PASS" start="2026-03-01T16:38:40.880123" elapsed="0.059376"/>
</kw>
<arg>5x</arg>
<arg>2s</arg>
<arg>Input Text</arg>
<arg>${locator}</arg>
<arg>${text}</arg>
<doc>Runs the specified keyword and retries if it fails.</doc>
<status status="PASS" start="2026-03-01T16:38:40.879741" elapsed="0.059917"/>
</kw>
<arg>name=password</arg>
<arg>${passwprd}</arg>
<status status="PASS" start="2026-03-01T16:38:40.879347" elapsed="0.060427"/>
</kw>
<kw name="Wait until element is ready then click element" owner="commonKeywords">
<kw name="Wait Until Keyword Succeeds" owner="BuiltIn">
<kw name="Click Element" owner="SeleniumLibrary">
<msg time="2026-03-01T16:38:40.941564" level="INFO">Clicking element 'xpath=//button[@type="submit" and text()="เข้าสู่ระบบ"]'.</msg>
<arg>${locator}</arg>
<doc>Click the element identified by ``locator``.</doc>
<status status="PASS" start="2026-03-01T16:38:40.941268" elapsed="0.043843"/>
</kw>
<arg>5x</arg>
<arg>2s</arg>
<arg>Click Element</arg>
<arg>${locator}</arg>
<doc>Runs the specified keyword and retries if it fails.</doc>
<status status="PASS" start="2026-03-01T16:38:40.940359" elapsed="0.044903"/>
</kw>
<arg>xpath=//button[@type="submit" and text()="เข้าสู่ระบบ"]</arg>
<status status="PASS" start="2026-03-01T16:38:40.939953" elapsed="0.045413"/>
</kw>
<status status="PASS" start="2026-03-01T16:38:40.631425" elapsed="0.354020"/>
</kw>
<kw name="Then future akill should display display validate login fail message as กรอกรหัสผ่านไม่ถูกต้อง" owner="loginPageKeywords" source_name="future akill should display display validate login fail message as ${expected_message}">
<kw name="Wait until page contains element then verify text" owner="commonKeywords">
<kw name="Wait Until Keyword Succeeds" owner="BuiltIn">
<kw name="Page Should Contain" owner="SeleniumLibrary">
<msg time="2026-03-01T16:38:41.287656" level="INFO" html="true">&lt;/td&gt;&lt;/tr&gt;&lt;tr&gt;&lt;td colspan="3"&gt;&lt;a href="selenium-screenshot-1.png"&gt;&lt;img src="selenium-screenshot-1.png" width="800px"&gt;&lt;/a&gt;</msg>
<msg time="2026-03-01T16:38:41.287909" level="FAIL">Page should have contained text 'กรอกรหัสผ่านไม่ถูกต้อง' but did not.</msg>
<arg>${expected_text}</arg>
<doc>Verifies that current page contains ``text``.</doc>
<status status="FAIL" start="2026-03-01T16:38:40.988486" elapsed="0.306512">Page should have contained text 'กรอกรหัสผ่านไม่ถูกต้อง' but did not.</status>
</kw>
<kw name="Page Should Contain" owner="SeleniumLibrary">
<msg time="2026-03-01T16:38:43.310233" level="INFO">Current page contains text 'กรอกรหัสผ่านไม่ถูกต้อง'.</msg>
<arg>${expected_text}</arg>
<doc>Verifies that current page contains ``text``.</doc>
<status status="PASS" start="2026-03-01T16:38:43.296626" elapsed="0.013835"/>
</kw>
<arg>5x</arg>
<arg>2s</arg>
<arg>Page Should Contain</arg>
<arg>${expected_text}</arg>
<doc>Runs the specified keyword and retries if it fails.</doc>
<status status="PASS" start="2026-03-01T16:38:40.988120" elapsed="2.322496"/>
</kw>
<arg>${expected_message}</arg>
<status status="PASS" start="2026-03-01T16:38:40.987864" elapsed="2.322864"/>
</kw>
<status status="PASS" start="2026-03-01T16:38:40.986598" elapsed="2.324220"/>
</kw>
<status status="PASS" start="2026-03-01T16:38:40.626849" elapsed="2.685359"/>
</test>
<kw name="Close Browser" owner="SeleniumLibrary" type="TEARDOWN">
<doc>Closes the current browser.</doc>
<status status="PASS" start="2026-03-01T16:38:43.316385" elapsed="0.096188"/>
</kw>
<status status="PASS" start="2026-03-01T16:38:37.390469" elapsed="6.022253"/>
</suite>
<status status="PASS" start="2026-03-01T16:38:37.385804" elapsed="6.030770"/>
</suite>
<status status="PASS" start="2026-03-01T16:38:37.357966" elapsed="6.060770"/>
</suite>
<statistics>
<total>
<stat pass="1" fail="0" skip="0">All Tests</stat>
</total>
<tag>
</tag>
<suite>
<stat name="Automate-test" id="s1" pass="1" fail="0" skip="0">Automate-test</stat>
<stat name="Testcases" id="s1-s1" pass="1" fail="0" skip="0">Automate-test.Testcases</stat>
<stat name="loginTestcases" id="s1-s1-s1" pass="1" fail="0" skip="0">Automate-test.Testcases.loginTestcases</stat>
</suite>
</statistics>
<errors>
</errors>
</robot>
